11:	224.15
12:	514.271
13:	611.248
14:	647.968
15:	650.016
16:	646.497
17:	636.838
18:	649.723
19:	656.772
20:	653.202
STA1: 8.81827
STA2: 8.53142
STA3: 8.77968
STA4: 8.6531
STA5: 8.83877
STA6: 8.56632
STA7: 8.70864
STA8: 8.53858
STA9: 8.86445
STA10: 8.48069
STA11: 8.54098
STA12: 8.57482
STA13: 8.76278
STA14: 8.6808
STA15: 8.58672
STA16: 8.71944
STA17: 8.84976
STA18: 8.86781
STA19: 8.69285
STA20: 8.61936
STA21: 8.73878
STA22: 5.7917
STA23: 6.23167
STA24: 8.79902
STA25: 8.77022
STA26: 8.72789
STA27: 8.87621
STA28: 8.88096
STA29: 8.76158
STA30: 8.75078
STA31: 8.83886
STA32: 8.63981
STA33: 9.94354
STA34: 9.75298
STA35: 9.83861
STA36: 9.94238
STA37: 9.85426
STA38: 9.82901
STA39: 9.94474
STA40: 9.8724
STA41: 9.82656
STA42: 9.84216
STA43: 9.92659
STA44: 9.95923
STA45: 9.81686
STA46: 9.97133
STA47: 9.75422
STA48: 9.8747
STA49: 9.78067
STA50: 9.69984
STA51: 9.93389
STA52: 9.77582
STA53: 9.91694
STA54: 9.92429
STA55: 9.84101
STA56: 9.91454
STA57: 9.85181
STA58: 9.81931
STA59: 10.0122
STA60: 9.81926
STA61: 9.82166
STA62: 9.67699
STA63: 10.0146
STA64: 9.83381
