1.1s: 	0 Mbit/s
1.2s: 	0 Mbit/s
1.3s: 	0 Mbit/s
1.4s: 	0 Mbit/s
1.5s: 	0 Mbit/s
1.6s: 	0 Mbit/s
1.7s: 	0 Mbit/s
1.8s: 	0 Mbit/s
1.9s: 	0 Mbit/s
2s: 	0 Mbit/s
2.1s: 	0 Mbit/s
2.2s: 	0 Mbit/s
2.3s: 	0 Mbit/s
2.4s: 	0 Mbit/s
2.5s: 	0 Mbit/s
2.6s: 	0 Mbit/s
2.7s: 	0 Mbit/s
2.8s: 	0 Mbit/s
2.9s: 	0 Mbit/s
3s: 	0 Mbit/s
3.1s: 	0 Mbit/s
3.2s: 	0 Mbit/s
3.3s: 	0 Mbit/s
3.4s: 	0 Mbit/s
3.5s: 	0 Mbit/s
3.6s: 	0 Mbit/s
3.7s: 	0 Mbit/s
3.8s: 	0 Mbit/s
3.9s: 	0 Mbit/s
4s: 	0 Mbit/s
4.1s: 	0 Mbit/s
4.2s: 	0 Mbit/s
4.3s: 	0 Mbit/s
4.4s: 	0 Mbit/s
4.5s: 	0 Mbit/s
4.6s: 	0 Mbit/s
4.7s: 	0 Mbit/s
4.8s: 	0 Mbit/s
4.9s: 	0 Mbit/s
5s: 	0 Mbit/s
5.1s: 	0 Mbit/s
5.2s: 	0 Mbit/s
5.3s: 	0 Mbit/s
5.4s: 	0 Mbit/s
5.5s: 	0 Mbit/s
5.6s: 	0 Mbit/s
5.7s: 	0 Mbit/s
5.8s: 	0 Mbit/s
5.9s: 	0 Mbit/s
6s: 	0 Mbit/s
6.1s: 	0 Mbit/s
6.2s: 	0 Mbit/s
6.3s: 	0 Mbit/s
6.4s: 	0 Mbit/s
6.5s: 	0 Mbit/s
6.6s: 	0 Mbit/s
6.7s: 	0 Mbit/s
6.8s: 	0 Mbit/s
6.9s: 	0 Mbit/s
7s: 	0 Mbit/s
7.1s: 	0 Mbit/s
7.2s: 	0 Mbit/s
7.3s: 	0 Mbit/s
7.4s: 	0 Mbit/s
7.5s: 	0 Mbit/s
7.6s: 	0 Mbit/s
7.7s: 	0 Mbit/s
7.8s: 	0 Mbit/s
7.9s: 	0 Mbit/s
8s: 	0 Mbit/s
8.1s: 	0 Mbit/s
8.2s: 	0 Mbit/s
8.3s: 	0 Mbit/s
8.4s: 	0 Mbit/s
8.5s: 	0 Mbit/s
8.6s: 	0 Mbit/s
8.7s: 	0 Mbit/s
8.8s: 	0 Mbit/s
8.9s: 	0 Mbit/s
9s: 	0 Mbit/s
9.1s: 	0 Mbit/s
9.2s: 	0 Mbit/s
9.3s: 	0 Mbit/s
9.4s: 	0 Mbit/s
9.5s: 	0 Mbit/s
9.6s: 	0 Mbit/s
9.7s: 	0 Mbit/s
9.8s: 	0 Mbit/s
9.9s: 	0 Mbit/s
10s: 	0 Mbit/s
10.1s: 	390.55 Mbit/s
10.2s: 	418.932 Mbit/s
10.3s: 	215.87 Mbit/s
10.4s: 	372.737 Mbit/s
10.5s: 	384.336 Mbit/s
10.6s: 	274.464 Mbit/s
10.7s: 	349.949 Mbit/s
10.8s: 	375.61 Mbit/s
10.9s: 	331.812 Mbit/s
 macDelay of STA1: 	4
 macDelay of STA2: 	4
 macDelay of STA3: 	4
 macDelay of STA4: 	4
 macDelay of STA5: 	4
 macDelay of STA6: 	4
 macDelay of STA7: 	4
 macDelay of STA8: 	4
 macDelay of STA9: 	4
 macDelay of STA10: 	4
 macDelay of STA11: 	4
 macDelay of STA12: 	4
 macDelay of STA13: 	5
 macDelay of STA14: 	5
 macDelay of STA15: 	5
 macDelay of STA16: 	5
 macDelay of STA17: 	4
 macDelay of STA18: 	4
 macDelay of STA19: 	4
 macDelay of STA20: 	4
 macDelay of STA21: 	4
 macDelay of STA22: 	4
 macDelay of STA23: 	4
 macDelay of STA24: 	4
 macDelay of STA25: 	4
 macDelay of STA26: 	4
 macDelay of STA27: 	4
 macDelay of STA28: 	5
 macDelay of STA29: 	4
 macDelay of STA30: 	4
 macDelay of STA31: 	4
 macDelay of STA32: 	4
 macDelay of STA33: 	323
 macDelay of STA34: 	360
 macDelay of STA35: 	319
 macDelay of STA36: 	319
 macDelay of STA37: 	318
 macDelay of STA38: 	326
 macDelay of STA39: 	326
 macDelay of STA40: 	367
 macDelay of STA41: 	363
 macDelay of STA42: 	363
 macDelay of STA43: 	320
 macDelay of STA44: 	319
 macDelay of STA45: 	317
 macDelay of STA46: 	314
 macDelay of STA47: 	313
 macDelay of STA48: 	326
 macDelay of STA49: 	313
 macDelay of STA50: 	327
 macDelay of STA51: 	315
 macDelay of STA52: 	325
 macDelay of STA53: 	323
 macDelay of STA54: 	335
 macDelay of STA55: 	321
 macDelay of STA56: 	336
 macDelay of STA57: 	326
 macDelay of STA58: 	336
 macDelay of STA59: 	319
 macDelay of STA60: 	335
 macDelay of STA61: 	326
 macDelay of STA62: 	326
 macDelay of STA63: 	324
 macDelay of STA64: 	324
Throughput of STA 1:  3.828
Throughput of STA 2:  3.828
Throughput of STA 3:  3.828
Throughput of STA 4:  3.828
Throughput of STA 5:  3.852
Throughput of STA 6:  3.852
Throughput of STA 7:  3.852
Throughput of STA 8:  3.852
Throughput of STA 9:  3.84
Throughput of STA 10:  3.84
Throughput of STA 11:  3.84
Throughput of STA 12:  3.84
Throughput of STA 13:  3.828
Throughput of STA 14:  3.828
Throughput of STA 15:  3.828
Throughput of STA 16:  3.828
Throughput of STA 17:  3.828
Throughput of STA 18:  3.828
Throughput of STA 19:  3.828
Throughput of STA 20:  3.828
Throughput of STA 21:  3.84
Throughput of STA 22:  3.84
Throughput of STA 23:  3.84
Throughput of STA 24:  3.84
Throughput of STA 25:  3.84
Throughput of STA 26:  3.84
Throughput of STA 27:  3.84
Throughput of STA 28:  3.84
Throughput of STA 29:  3.84
Throughput of STA 30:  3.84
Throughput of STA 31:  3.84
Throughput of STA 32:  3.84
Throughput of STA 33:  7.09104
Throughput of STA 34:  5.84832
Throughput of STA 35:  6.64464
Throughput of STA 36:  6.63264
Throughput of STA 37:  6.63264
Throughput of STA 38:  6.63264
Throughput of STA 39:  6.63264
Throughput of STA 40:  5.89632
Throughput of STA 41:  5.86032
Throughput of STA 42:  5.87184
Throughput of STA 43:  6.60864
Throughput of STA 44:  6.63264
Throughput of STA 45:  6.60864
Throughput of STA 46:  6.56064
Throughput of STA 47:  6.56064
Throughput of STA 48:  6.84912
Throughput of STA 49:  6.56064
Throughput of STA 50:  6.84864
Throughput of STA 51:  6.56064
Throughput of STA 52:  6.83712
Throughput of STA 53:  6.45168
Throughput of STA 54:  6.9312
Throughput of STA 55:  6.45168
Throughput of STA 56:  6.93408
Throughput of STA 57:  6.45168
Throughput of STA 58:  6.93408
Throughput of STA 59:  6.45168
Throughput of STA 60:  6.93408
Throughput of STA 61:  6.90912
Throughput of STA 62:  7.12704
Throughput of STA 63:  7.09104
Throughput of STA 64:  7.21104
