1.1s: 	0 Mbit/s
1.2s: 	0 Mbit/s
1.3s: 	0 Mbit/s
1.4s: 	0 Mbit/s
1.5s: 	0 Mbit/s
1.6s: 	0 Mbit/s
1.7s: 	0 Mbit/s
1.8s: 	0 Mbit/s
1.9s: 	0 Mbit/s
2s: 	0 Mbit/s
2.1s: 	0 Mbit/s
2.2s: 	0 Mbit/s
2.3s: 	0 Mbit/s
2.4s: 	0 Mbit/s
2.5s: 	0 Mbit/s
2.6s: 	0 Mbit/s
2.7s: 	0 Mbit/s
2.8s: 	0 Mbit/s
2.9s: 	0 Mbit/s
3s: 	0 Mbit/s
3.1s: 	0 Mbit/s
3.2s: 	0 Mbit/s
3.3s: 	0 Mbit/s
3.4s: 	0 Mbit/s
3.5s: 	0 Mbit/s
3.6s: 	0 Mbit/s
3.7s: 	0 Mbit/s
3.8s: 	0 Mbit/s
3.9s: 	0 Mbit/s
4s: 	0 Mbit/s
4.1s: 	0 Mbit/s
4.2s: 	0 Mbit/s
4.3s: 	0 Mbit/s
4.4s: 	0 Mbit/s
4.5s: 	0 Mbit/s
4.6s: 	0 Mbit/s
4.7s: 	0 Mbit/s
4.8s: 	0 Mbit/s
4.9s: 	0 Mbit/s
5s: 	0 Mbit/s
5.1s: 	0 Mbit/s
5.2s: 	0 Mbit/s
5.3s: 	0 Mbit/s
5.4s: 	0 Mbit/s
5.5s: 	0 Mbit/s
5.6s: 	0 Mbit/s
5.7s: 	0 Mbit/s
5.8s: 	0 Mbit/s
5.9s: 	0 Mbit/s
6s: 	0 Mbit/s
6.1s: 	0 Mbit/s
6.2s: 	0 Mbit/s
6.3s: 	0 Mbit/s
6.4s: 	0 Mbit/s
6.5s: 	0 Mbit/s
6.6s: 	0 Mbit/s
6.7s: 	0 Mbit/s
6.8s: 	0 Mbit/s
6.9s: 	0 Mbit/s
7s: 	0 Mbit/s
7.1s: 	0 Mbit/s
7.2s: 	0 Mbit/s
7.3s: 	0 Mbit/s
7.4s: 	0 Mbit/s
7.5s: 	0 Mbit/s
7.6s: 	0 Mbit/s
7.7s: 	0 Mbit/s
7.8s: 	0 Mbit/s
7.9s: 	0 Mbit/s
8s: 	0 Mbit/s
8.1s: 	0 Mbit/s
8.2s: 	0 Mbit/s
8.3s: 	0 Mbit/s
8.4s: 	0 Mbit/s
8.5s: 	0 Mbit/s
8.6s: 	0 Mbit/s
8.7s: 	0 Mbit/s
8.8s: 	0 Mbit/s
8.9s: 	0 Mbit/s
9s: 	0 Mbit/s
9.1s: 	0 Mbit/s
9.2s: 	0 Mbit/s
9.3s: 	0 Mbit/s
9.4s: 	0 Mbit/s
9.5s: 	0 Mbit/s
9.6s: 	0 Mbit/s
9.7s: 	0 Mbit/s
9.8s: 	0 Mbit/s
9.9s: 	0 Mbit/s
10s: 	0 Mbit/s
10.1s: 	763.841 Mbit/s
10.2s: 	786.089 Mbit/s
10.3s: 	743.364 Mbit/s
10.4s: 	759.341 Mbit/s
10.5s: 	672.473 Mbit/s
10.6s: 	705.197 Mbit/s
10.7s: 	700.438 Mbit/s
10.8s: 	751.637 Mbit/s
10.9s: 	698.04 Mbit/s
 macDelay of STA1: 	28
 macDelay of STA2: 	29
 macDelay of STA3: 	29
 macDelay of STA4: 	30
 macDelay of STA5: 	29
 macDelay of STA6: 	29
 macDelay of STA7: 	29
 macDelay of STA8: 	29
 macDelay of STA9: 	29
 macDelay of STA10: 	29
 macDelay of STA11: 	34
 macDelay of STA12: 	29
 macDelay of STA13: 	29
 macDelay of STA14: 	29
 macDelay of STA15: 	30
 macDelay of STA16: 	30
 macDelay of STA17: 	30
 macDelay of STA18: 	30
 macDelay of STA19: 	30
 macDelay of STA20: 	30
 macDelay of STA21: 	31
 macDelay of STA22: 	31
 macDelay of STA23: 	31
 macDelay of STA24: 	31
 macDelay of STA25: 	33
 macDelay of STA26: 	32
 macDelay of STA27: 	31
 macDelay of STA28: 	31
 macDelay of STA29: 	33
 macDelay of STA30: 	34
 macDelay of STA31: 	33
 macDelay of STA32: 	35
 macDelay of STA33: 	59
 macDelay of STA34: 	44
 macDelay of STA35: 	55
 macDelay of STA36: 	53
 macDelay of STA37: 	50
 macDelay of STA38: 	50
 macDelay of STA39: 	57
 macDelay of STA40: 	64
 macDelay of STA41: 	50
 macDelay of STA42: 	50
 macDelay of STA43: 	51
 macDelay of STA44: 	50
 macDelay of STA45: 	64
 macDelay of STA46: 	65
 macDelay of STA47: 	65
 macDelay of STA48: 	52
 macDelay of STA49: 	52
 macDelay of STA50: 	54
 macDelay of STA51: 	50
 macDelay of STA52: 	69
 macDelay of STA53: 	46
 macDelay of STA54: 	56
 macDelay of STA55: 	72
 macDelay of STA56: 	56
 macDelay of STA57: 	50
 macDelay of STA58: 	55
 macDelay of STA59: 	59
 macDelay of STA60: 	55
 macDelay of STA61: 	50
 macDelay of STA62: 	50
 macDelay of STA63: 	83
 macDelay of STA64: 	80
Throughput of STA 1:  3.732
Throughput of STA 2:  3.732
Throughput of STA 3:  3.612
Throughput of STA 4:  3.612
Throughput of STA 5:  3.78
Throughput of STA 6:  3.624
Throughput of STA 7:  3.792
Throughput of STA 8:  3.792
Throughput of STA 9:  3.624
Throughput of STA 10:  3.792
Throughput of STA 11:  3.636
Throughput of STA 12:  3.636
Throughput of STA 13:  3.636
Throughput of STA 14:  3.636
Throughput of STA 15:  3.672
Throughput of STA 16:  3.648
Throughput of STA 17:  3.648
Throughput of STA 18:  3.648
Throughput of STA 19:  3.732
Throughput of STA 20:  3.732
Throughput of STA 21:  3.744
Throughput of STA 22:  3.744
Throughput of STA 23:  3.588
Throughput of STA 24:  3.744
Throughput of STA 25:  3.648
Throughput of STA 26:  3.78
Throughput of STA 27:  3.756
Throughput of STA 28:  3.768
Throughput of STA 29:  3.768
Throughput of STA 30:  3.792
Throughput of STA 31:  3.768
Throughput of STA 32:  3.648
Throughput of STA 33:  9.48864
Throughput of STA 34:  9.02112
Throughput of STA 35:  3
Throughput of STA 36:  15.0029
Throughput of STA 37:  15.4704
Throughput of STA 38:  33.4877
Throughput of STA 39:  3
Throughput of STA 40:  7.95984
Throughput of STA 41:  30.5213
Throughput of STA 42:  21.9101
Throughput of STA 43:  11.7077
Throughput of STA 44:  15.9528
Throughput of STA 45:  11.795
Throughput of STA 46:  11.9971
Throughput of STA 47:  3
Throughput of STA 48:  32.137
Throughput of STA 49:  34.4674
Throughput of STA 50:  11.9971
Throughput of STA 51:  37.6363
Throughput of STA 52:  3
Throughput of STA 53:  27.3139
Throughput of STA 54:  25.7746
Throughput of STA 55:  12.2866
Throughput of STA 56:  26.8306
Throughput of STA 57:  37.7477
Throughput of STA 58:  14.988
Throughput of STA 59:  20.9453
Throughput of STA 60:  31.0186
Throughput of STA 61:  36.575
Throughput of STA 62:  34.1899
Throughput of STA 63:  3.9648
Throughput of STA 64:  3
